<?xml version="1.0" encoding="UTF-8"?>
<!-- Generated by org.testng.reporters.JUnitReportReporter -->
<testsuite hostname="StayawayScreen1" failures="0" tests="1" name="Test.SeleniumwithJavaTestng" time="3.181" errors="0" timestamp="2021-12-05T18:08:10 EST" skipped="0">
  <testcase classname="Test.SeleniumwithJavaTestng" name="f" time="3.181"/>
  <system-out/>
</testsuite> <!-- Test.SeleniumwithJavaTestng -->
