<?xml version="1.0" encoding="UTF-8"?>
<!-- Generated by org.testng.reporters.JUnitReportReporter -->
<testsuite hostname="StayawayScreen1" failures="0" tests="2" name="Test.Annotations" time="0.007" errors="0" timestamp="2021-12-05T18:08:10 EST" skipped="0">
  <testcase classname="Test.Annotations" name="f" time="0.003"/>
  <system-out/>
  <testcase classname="Test.Annotations" name="f2" time="0.004"/>
  <system-out/>
</testsuite> <!-- Test.Annotations -->
