<?xml version="1.0" encoding="UTF-8"?>
<!-- Generated by org.testng.reporters.JUnitReportReporter -->
<testsuite hostname="StayawayScreen1" failures="0" tests="1" name="Test.FirstTestNG" time="11.828" errors="0" timestamp="2021-12-03T09:17:48 EST" skipped="0">
  <testcase classname="Test.FirstTestNG" name="f" time="11.828"/>
  <system-out/>
</testsuite> <!-- Test.FirstTestNG -->
