<?xml version="1.0" encoding="UTF-8"?>
<!-- Generated by org.testng.reporters.JUnitReportReporter -->
<testsuite hostname="StayawayScreen1" failures="0" tests="1" name="Test.Priority" time="0.011" errors="0" timestamp="2021-12-05T19:01:04 EST" skipped="0">
  <testcase classname="Test.Priority" name="login" time="0.011"/>
  <system-out/>
</testsuite> <!-- Test.Priority -->
